build/app/intermediates/manifest_merge_blame_file/release/manifest-merger-blame-release-report.txt
1<?xml version="1.0" encoding="utf-8"?>
2<manifest xmlns:android="http://schemas.android.com/apk/res/android"
3    package="com.ofc.catalogodeofertamaderable"
4    android:versionCode="3"
5    android:versionName="1.0.3" >
6
7    <uses-sdk
8        android:minSdkVersion="23"
8-->src\main\AndroidManifest.xml
9        android:targetSdkVersion="34" />
9-->src\main\AndroidManifest.xml
10
11    <uses-permission android:name="android.permission.INTERNET" />
11-->src\main\AndroidManifest.xml:4:5-66
11-->src\main\AndroidManifest.xml:4:22-64
12    <uses-permission android:name="android.permission.CAMERA" />
12-->src\main\AndroidManifest.xml:5:5-64
12-->src\main\AndroidManifest.xml:5:22-62
13    <uses-permission
13-->src\main\AndroidManifest.xml:6:5-106
14        android:name="android.permission.READ_EXTERNAL_STORAGE"
14-->src\main\AndroidManifest.xml:6:22-77
15        android:maxSdkVersion="32" />
15-->src\main\AndroidManifest.xml:6:78-104
16    <uses-permission
16-->src\main\AndroidManifest.xml:7:5-107
17        android:name="android.permission.WRITE_EXTERNAL_STORAGE"
17-->src\main\AndroidManifest.xml:7:22-78
18        android:maxSdkVersion="32" />
18-->src\main\AndroidManifest.xml:7:79-105
19
20    <queries>
20-->[:file_picker] AndroidManifest.xml:13:5-19:15
21        <intent>
21-->[:file_picker] AndroidManifest.xml:14:9-18:18
22            <action android:name="android.intent.action.GET_CONTENT" />
22-->[:file_picker] AndroidManifest.xml:15:13-72
22-->[:file_picker] AndroidManifest.xml:15:21-69
23
24            <data android:mimeType="*/*" />
24-->src\main\AndroidManifest.xml:50:17-71
25        </intent>
26    </queries>
27
28    <uses-permission android:name="android.permission.ACCESS_NETWORK_STATE" />
28-->[com.google.firebase:firebase-auth:23.0.0] AndroidManifest.xml:26:5-79
28-->[com.google.firebase:firebase-auth:23.0.0] AndroidManifest.xml:26:22-76
29    <uses-permission android:name="com.google.android.providers.gsf.permission.READ_GSERVICES" />
29-->[com.google.android.recaptcha:recaptcha:18.4.0] AndroidManifest.xml:9:5-98
29-->[com.google.android.recaptcha:recaptcha:18.4.0] AndroidManifest.xml:9:22-95
30
31    <permission
31-->[androidx.core:core:1.13.1] AndroidManifest.xml:22:5-24:47
32        android:name="com.ofc.catalogodeofertamaderable.DYNAMIC_RECEIVER_NOT_EXPORTED_PERMISSION"
32-->[androidx.core:core:1.13.1] AndroidManifest.xml:23:9-81
33        android:protectionLevel="signature" />
33-->[androidx.core:core:1.13.1] AndroidManifest.xml:24:9-44
34
35    <uses-permission android:name="com.ofc.catalogodeofertamaderable.DYNAMIC_RECEIVER_NOT_EXPORTED_PERMISSION" />
35-->[androidx.core:core:1.13.1] AndroidManifest.xml:26:5-97
35-->[androidx.core:core:1.13.1] AndroidManifest.xml:26:22-94
36
37    <application
37-->src\main\AndroidManifest.xml:9:5-63:19
38        android:appComponentFactory="androidx.core.app.CoreComponentFactory"
38-->[androidx.core:core:1.13.1] AndroidManifest.xml:28:18-86
39        android:extractNativeLibs="false"
40        android:icon="@mipmap/ic_launcher"
40-->src\main\AndroidManifest.xml:12:9-43
41        android:label="OFC BOL"
41-->src\main\AndroidManifest.xml:10:9-32
42        android:requestLegacyExternalStorage="true" >
42-->src\main\AndroidManifest.xml:13:9-52
43        <activity
43-->src\main\AndroidManifest.xml:15:9-53:20
44            android:name="com.ofc.catalogodeofertamaderable.MainActivity"
44-->src\main\AndroidManifest.xml:16:13-41
45            android:configChanges="orientation|keyboardHidden|keyboard|screenSize|smallestScreenSize|locale|layoutDirection|fontScale|screenLayout|density|uiMode"
45-->src\main\AndroidManifest.xml:20:13-163
46            android:exported="true"
46-->src\main\AndroidManifest.xml:17:13-36
47            android:hardwareAccelerated="true"
47-->src\main\AndroidManifest.xml:21:13-47
48            android:launchMode="singleTop"
48-->src\main\AndroidManifest.xml:18:13-43
49            android:theme="@style/LaunchTheme"
49-->src\main\AndroidManifest.xml:19:13-47
50            android:windowSoftInputMode="adjustResize" >
50-->src\main\AndroidManifest.xml:22:13-55
51
52            <!--
53                 Specifies an Android theme to apply to this Activity as soon as
54                 the Android process has started. This theme is visible to the user
55                 while the Flutter UI initializes. After that, this theme continues
56                 to determine the Window background behind the Flutter UI.
57            -->
58            <meta-data
58-->src\main\AndroidManifest.xml:27:13-30:17
59                android:name="io.flutter.embedding.android.NormalTheme"
59-->src\main\AndroidManifest.xml:28:15-70
60                android:resource="@style/NormalTheme" />
60-->src\main\AndroidManifest.xml:29:15-52
61            <!--
62                 Displays an Android View that continues showing the launch screen
63                 Drawable until Flutter paints its first frame, then this splash
64                 screen fades out. A splash screen is useful to avoid any visual
65                 gap between the end of Android's launch screen and the painting of
66                 Flutter's first frame.
67            -->
68            <meta-data
68-->src\main\AndroidManifest.xml:36:13-39:17
69                android:name="io.flutter.embedding.android.SplashScreenDrawable"
69-->src\main\AndroidManifest.xml:37:15-79
70                android:resource="@drawable/launch_background" />
70-->src\main\AndroidManifest.xml:38:15-61
71
72            <intent-filter>
72-->src\main\AndroidManifest.xml:40:13-43:29
73                <action android:name="android.intent.action.MAIN" />
73-->src\main\AndroidManifest.xml:41:17-68
73-->src\main\AndroidManifest.xml:41:25-66
74
75                <category android:name="android.intent.category.LAUNCHER" />
75-->src\main\AndroidManifest.xml:42:17-76
75-->src\main\AndroidManifest.xml:42:27-74
76            </intent-filter>
77            <!-- Deep linking -->
78            <meta-data
78-->src\main\AndroidManifest.xml:45:13-90
79                android:name="flutter_deeplinking_enabled"
79-->src\main\AndroidManifest.xml:45:24-66
80                android:value="true" />
80-->src\main\AndroidManifest.xml:45:67-87
81
82            <intent-filter android:autoVerify="true" >
82-->src\main\AndroidManifest.xml:46:13-51:29
82-->src\main\AndroidManifest.xml:46:28-53
83                <action android:name="android.intent.action.VIEW" />
83-->src\main\AndroidManifest.xml:47:17-69
83-->src\main\AndroidManifest.xml:47:25-66
84
85                <category android:name="android.intent.category.DEFAULT" />
85-->src\main\AndroidManifest.xml:48:17-76
85-->src\main\AndroidManifest.xml:48:27-73
86                <category android:name="android.intent.category.BROWSABLE" />
86-->src\main\AndroidManifest.xml:49:17-78
86-->src\main\AndroidManifest.xml:49:27-75
87
88                <data
88-->src\main\AndroidManifest.xml:50:17-71
89                    android:host="ofc4.com"
89-->src\main\AndroidManifest.xml:50:45-68
90                    android:scheme="ofc4" />
90-->src\main\AndroidManifest.xml:50:23-44
91            </intent-filter>
92        </activity>
93
94        <!--
95             Don't delete the meta-data below.
96             This is used by the Flutter tool to generate GeneratedPluginRegistrant.java
97        -->
98        <meta-data
98-->src\main\AndroidManifest.xml:57:9-59:33
99            android:name="flutterEmbedding"
99-->src\main\AndroidManifest.xml:58:13-44
100            android:value="2" />
100-->src\main\AndroidManifest.xml:59:13-30
101
102        <service
102-->[:cloud_firestore] AndroidManifest.xml:10:9-14:19
103            android:name="com.google.firebase.components.ComponentDiscoveryService"
103-->[:cloud_firestore] AndroidManifest.xml:10:18-89
104            android:directBootAware="true"
104-->[com.google.firebase:firebase-common:21.0.0] AndroidManifest.xml:32:13-43
105            android:exported="false" >
105-->[com.google.firebase:firebase-perf:21.0.1] AndroidManifest.xml:13:13-37
106            <meta-data
106-->[:cloud_firestore] AndroidManifest.xml:11:13-13:85
107                android:name="com.google.firebase.components:io.flutter.plugins.firebase.firestore.FlutterFirebaseFirestoreRegistrar"
107-->[:cloud_firestore] AndroidManifest.xml:12:17-134
108                android:value="com.google.firebase.components.ComponentRegistrar" />
108-->[:cloud_firestore] AndroidManifest.xml:13:17-82
109            <meta-data
109-->[:firebase_auth] AndroidManifest.xml:11:13-13:85
110                android:name="com.google.firebase.components:io.flutter.plugins.firebase.auth.FlutterFirebaseAuthRegistrar"
110-->[:firebase_auth] AndroidManifest.xml:12:17-124
111                android:value="com.google.firebase.components.ComponentRegistrar" />
111-->[:firebase_auth] AndroidManifest.xml:13:17-82
112            <meta-data
112-->[:firebase_performance] AndroidManifest.xml:13:13-15:85
113                android:name="com.google.firebase.components:io.flutter.plugins.firebase.performance.FlutterFirebaseAppRegistrar"
113-->[:firebase_performance] AndroidManifest.xml:14:17-130
114                android:value="com.google.firebase.components.ComponentRegistrar" />
114-->[:firebase_performance] AndroidManifest.xml:15:17-82
115            <meta-data
115-->[:firebase_storage] AndroidManifest.xml:11:13-13:85
116                android:name="com.google.firebase.components:io.flutter.plugins.firebase.storage.FlutterFirebaseAppRegistrar"
116-->[:firebase_storage] AndroidManifest.xml:12:17-126
117                android:value="com.google.firebase.components.ComponentRegistrar" />
117-->[:firebase_storage] AndroidManifest.xml:13:17-82
118            <meta-data
118-->[:firebase_core] AndroidManifest.xml:11:13-13:85
119                android:name="com.google.firebase.components:io.flutter.plugins.firebase.core.FlutterFirebaseCoreRegistrar"
119-->[:firebase_core] AndroidManifest.xml:12:17-124
120                android:value="com.google.firebase.components.ComponentRegistrar" />
120-->[:firebase_core] AndroidManifest.xml:13:17-82
121            <meta-data
121-->[com.google.firebase:firebase-perf:21.0.1] AndroidManifest.xml:14:13-16:85
122                android:name="com.google.firebase.components:com.google.firebase.perf.FirebasePerfKtxRegistrar"
122-->[com.google.firebase:firebase-perf:21.0.1] AndroidManifest.xml:15:17-112
123                android:value="com.google.firebase.components.ComponentRegistrar" />
123-->[com.google.firebase:firebase-perf:21.0.1] AndroidManifest.xml:16:17-82
124            <meta-data
124-->[com.google.firebase:firebase-perf:21.0.1] AndroidManifest.xml:17:13-19:85
125                android:name="com.google.firebase.components:com.google.firebase.perf.FirebasePerfRegistrar"
125-->[com.google.firebase:firebase-perf:21.0.1] AndroidManifest.xml:18:17-109
126                android:value="com.google.firebase.components.ComponentRegistrar" />
126-->[com.google.firebase:firebase-perf:21.0.1] AndroidManifest.xml:19:17-82
127            <meta-data
127-->[com.google.firebase:firebase-sessions:2.0.0] AndroidManifest.xml:29:13-31:85
128                android:name="com.google.firebase.components:com.google.firebase.sessions.FirebaseSessionsRegistrar"
128-->[com.google.firebase:firebase-sessions:2.0.0] AndroidManifest.xml:30:17-117
129                android:value="com.google.firebase.components.ComponentRegistrar" />
129-->[com.google.firebase:firebase-sessions:2.0.0] AndroidManifest.xml:31:17-82
130            <meta-data
130-->[com.google.firebase:firebase-auth:23.0.0] AndroidManifest.xml:69:13-71:85
131                android:name="com.google.firebase.components:com.google.firebase.auth.FirebaseAuthRegistrar"
131-->[com.google.firebase:firebase-auth:23.0.0] AndroidManifest.xml:70:17-109
132                android:value="com.google.firebase.components.ComponentRegistrar" />
132-->[com.google.firebase:firebase-auth:23.0.0] AndroidManifest.xml:71:17-82
133            <meta-data
133-->[com.google.firebase:firebase-firestore:25.1.0] AndroidManifest.xml:17:13-19:85
134                android:name="com.google.firebase.components:com.google.firebase.firestore.FirebaseFirestoreKtxRegistrar"
134-->[com.google.firebase:firebase-firestore:25.1.0] AndroidManifest.xml:18:17-122
135                android:value="com.google.firebase.components.ComponentRegistrar" />
135-->[com.google.firebase:firebase-firestore:25.1.0] AndroidManifest.xml:19:17-82
136            <meta-data
136-->[com.google.firebase:firebase-firestore:25.1.0] AndroidManifest.xml:20:13-22:85
137                android:name="com.google.firebase.components:com.google.firebase.firestore.FirestoreRegistrar"
137-->[com.google.firebase:firebase-firestore:25.1.0] AndroidManifest.xml:21:17-111
138                android:value="com.google.firebase.components.ComponentRegistrar" />
138-->[com.google.firebase:firebase-firestore:25.1.0] AndroidManifest.xml:22:17-82
139            <meta-data
139-->[com.google.firebase:firebase-storage:21.0.0] AndroidManifest.xml:30:13-32:85
140                android:name="com.google.firebase.components:com.google.firebase.storage.FirebaseStorageKtxRegistrar"
140-->[com.google.firebase:firebase-storage:21.0.0] AndroidManifest.xml:31:17-118
141                android:value="com.google.firebase.components.ComponentRegistrar" />
141-->[com.google.firebase:firebase-storage:21.0.0] AndroidManifest.xml:32:17-82
142            <meta-data
142-->[com.google.firebase:firebase-storage:21.0.0] AndroidManifest.xml:33:13-35:85
143                android:name="com.google.firebase.components:com.google.firebase.storage.StorageRegistrar"
143-->[com.google.firebase:firebase-storage:21.0.0] AndroidManifest.xml:34:17-107
144                android:value="com.google.firebase.components.ComponentRegistrar" />
144-->[com.google.firebase:firebase-storage:21.0.0] AndroidManifest.xml:35:17-82
145            <meta-data
145-->[com.google.firebase:firebase-config:22.0.0] AndroidManifest.xml:29:13-31:85
146                android:name="com.google.firebase.components:com.google.firebase.remoteconfig.FirebaseRemoteConfigKtxRegistrar"
146-->[com.google.firebase:firebase-config:22.0.0] AndroidManifest.xml:30:17-128
147                android:value="com.google.firebase.components.ComponentRegistrar" />
147-->[com.google.firebase:firebase-config:22.0.0] AndroidManifest.xml:31:17-82
148            <meta-data
148-->[com.google.firebase:firebase-config:22.0.0] AndroidManifest.xml:32:13-34:85
149                android:name="com.google.firebase.components:com.google.firebase.remoteconfig.RemoteConfigRegistrar"
149-->[com.google.firebase:firebase-config:22.0.0] AndroidManifest.xml:33:17-117
150                android:value="com.google.firebase.components.ComponentRegistrar" />
150-->[com.google.firebase:firebase-config:22.0.0] AndroidManifest.xml:34:17-82
151            <meta-data
151-->[com.google.firebase:firebase-installations:18.0.0] AndroidManifest.xml:15:13-17:85
152                android:name="com.google.firebase.components:com.google.firebase.installations.FirebaseInstallationsKtxRegistrar"
152-->[com.google.firebase:firebase-installations:18.0.0] AndroidManifest.xml:16:17-130
153                android:value="com.google.firebase.components.ComponentRegistrar" />
153-->[com.google.firebase:firebase-installations:18.0.0] AndroidManifest.xml:17:17-82
154            <meta-data
154-->[com.google.firebase:firebase-installations:18.0.0] AndroidManifest.xml:18:13-20:85
155                android:name="com.google.firebase.components:com.google.firebase.installations.FirebaseInstallationsRegistrar"
155-->[com.google.firebase:firebase-installations:18.0.0] AndroidManifest.xml:19:17-127
156                android:value="com.google.firebase.components.ComponentRegistrar" />
156-->[com.google.firebase:firebase-installations:18.0.0] AndroidManifest.xml:20:17-82
157            <meta-data
157-->[com.google.firebase:firebase-appcheck:18.0.0] AndroidManifest.xml:25:13-27:85
158                android:name="com.google.firebase.components:com.google.firebase.appcheck.FirebaseAppCheckKtxRegistrar"
158-->[com.google.firebase:firebase-appcheck:18.0.0] AndroidManifest.xml:26:17-120
159                android:value="com.google.firebase.components.ComponentRegistrar" />
159-->[com.google.firebase:firebase-appcheck:18.0.0] AndroidManifest.xml:27:17-82
160            <meta-data
160-->[com.google.firebase:firebase-appcheck:18.0.0] AndroidManifest.xml:28:13-30:85
161                android:name="com.google.firebase.components:com.google.firebase.appcheck.FirebaseAppCheckRegistrar"
161-->[com.google.firebase:firebase-appcheck:18.0.0] AndroidManifest.xml:29:17-117
162                android:value="com.google.firebase.components.ComponentRegistrar" />
162-->[com.google.firebase:firebase-appcheck:18.0.0] AndroidManifest.xml:30:17-82
163            <meta-data
163-->[com.google.firebase:firebase-common-ktx:21.0.0] AndroidManifest.xml:12:13-14:85
164                android:name="com.google.firebase.components:com.google.firebase.ktx.FirebaseCommonLegacyRegistrar"
164-->[com.google.firebase:firebase-common-ktx:21.0.0] AndroidManifest.xml:13:17-116
165                android:value="com.google.firebase.components.ComponentRegistrar" />
165-->[com.google.firebase:firebase-common-ktx:21.0.0] AndroidManifest.xml:14:17-82
166            <meta-data
166-->[com.google.firebase:firebase-common:21.0.0] AndroidManifest.xml:35:13-37:85
167                android:name="com.google.firebase.components:com.google.firebase.FirebaseCommonKtxRegistrar"
167-->[com.google.firebase:firebase-common:21.0.0] AndroidManifest.xml:36:17-109
168                android:value="com.google.firebase.components.ComponentRegistrar" />
168-->[com.google.firebase:firebase-common:21.0.0] AndroidManifest.xml:37:17-82
169            <meta-data
169-->[com.google.firebase:firebase-abt:21.1.1] AndroidManifest.xml:12:13-14:85
170                android:name="com.google.firebase.components:com.google.firebase.abt.component.AbtRegistrar"
170-->[com.google.firebase:firebase-abt:21.1.1] AndroidManifest.xml:13:17-109
171                android:value="com.google.firebase.components.ComponentRegistrar" />
171-->[com.google.firebase:firebase-abt:21.1.1] AndroidManifest.xml:14:17-82
172            <meta-data
172-->[com.google.firebase:firebase-datatransport:18.1.8] AndroidManifest.xml:27:13-29:85
173                android:name="com.google.firebase.components:com.google.firebase.datatransport.TransportRegistrar"
173-->[com.google.firebase:firebase-datatransport:18.1.8] AndroidManifest.xml:28:17-115
174                android:value="com.google.firebase.components.ComponentRegistrar" />
174-->[com.google.firebase:firebase-datatransport:18.1.8] AndroidManifest.xml:29:17-82
175        </service>
176
177        <provider
177-->[:image_picker_android] AndroidManifest.xml:11:9-19:20
178            android:name="io.flutter.plugins.imagepicker.ImagePickerFileProvider"
178-->[:image_picker_android] AndroidManifest.xml:12:13-82
179            android:authorities="com.ofc.catalogodeofertamaderable.flutter.image_provider"
179-->[:image_picker_android] AndroidManifest.xml:13:13-74
180            android:exported="false"
180-->[:image_picker_android] AndroidManifest.xml:14:13-37
181            android:grantUriPermissions="true" >
181-->[:image_picker_android] AndroidManifest.xml:15:13-47
182            <meta-data
182-->[:image_picker_android] AndroidManifest.xml:16:13-18:75
183                android:name="android.support.FILE_PROVIDER_PATHS"
183-->[:image_picker_android] AndroidManifest.xml:17:17-67
184                android:resource="@xml/flutter_image_picker_file_paths" />
184-->[:image_picker_android] AndroidManifest.xml:18:17-72
185        </provider> <!-- Trigger Google Play services to install the backported photo picker module. -->
186        <service
186-->[:image_picker_android] AndroidManifest.xml:21:9-33:19
187            android:name="com.google.android.gms.metadata.ModuleDependencies"
187-->[:image_picker_android] AndroidManifest.xml:22:13-78
188            android:enabled="false"
188-->[:image_picker_android] AndroidManifest.xml:23:13-36
189            android:exported="false" >
189-->[:image_picker_android] AndroidManifest.xml:24:13-37
190            <intent-filter>
190-->[:image_picker_android] AndroidManifest.xml:26:13-28:29
191                <action android:name="com.google.android.gms.metadata.MODULE_DEPENDENCIES" />
191-->[:image_picker_android] AndroidManifest.xml:27:17-94
191-->[:image_picker_android] AndroidManifest.xml:27:25-91
192            </intent-filter>
193
194            <meta-data
194-->[:image_picker_android] AndroidManifest.xml:30:13-32:36
195                android:name="photopicker_activity:0:required"
195-->[:image_picker_android] AndroidManifest.xml:31:17-63
196                android:value="" />
196-->[:image_picker_android] AndroidManifest.xml:32:17-33
197        </service>
198
199        <activity
199-->[:url_launcher_android] AndroidManifest.xml:10:9-13:74
200            android:name="io.flutter.plugins.urllauncher.WebViewActivity"
200-->[:url_launcher_android] AndroidManifest.xml:11:13-74
201            android:exported="false"
201-->[:url_launcher_android] AndroidManifest.xml:12:13-37
202            android:theme="@android:style/Theme.NoTitleBar.Fullscreen" />
202-->[:url_launcher_android] AndroidManifest.xml:13:13-71
203
204        <service
204-->[com.google.firebase:firebase-sessions:2.0.0] AndroidManifest.xml:22:9-25:40
205            android:name="com.google.firebase.sessions.SessionLifecycleService"
205-->[com.google.firebase:firebase-sessions:2.0.0] AndroidManifest.xml:23:13-80
206            android:enabled="true"
206-->[com.google.firebase:firebase-sessions:2.0.0] AndroidManifest.xml:24:13-35
207            android:exported="false" />
207-->[com.google.firebase:firebase-sessions:2.0.0] AndroidManifest.xml:25:13-37
208
209        <activity
209-->[com.google.firebase:firebase-auth:23.0.0] AndroidManifest.xml:29:9-46:20
210            android:name="com.google.firebase.auth.internal.GenericIdpActivity"
210-->[com.google.firebase:firebase-auth:23.0.0] AndroidManifest.xml:30:13-80
211            android:excludeFromRecents="true"
211-->[com.google.firebase:firebase-auth:23.0.0] AndroidManifest.xml:31:13-46
212            android:exported="true"
212-->[com.google.firebase:firebase-auth:23.0.0] AndroidManifest.xml:32:13-36
213            android:launchMode="singleTask"
213-->[com.google.firebase:firebase-auth:23.0.0] AndroidManifest.xml:33:13-44
214            android:theme="@android:style/Theme.Translucent.NoTitleBar" >
214-->[com.google.firebase:firebase-auth:23.0.0] AndroidManifest.xml:34:13-72
215            <intent-filter>
215-->[com.google.firebase:firebase-auth:23.0.0] AndroidManifest.xml:35:13-45:29
216                <action android:name="android.intent.action.VIEW" />
216-->src\main\AndroidManifest.xml:47:17-69
216-->src\main\AndroidManifest.xml:47:25-66
217
218                <category android:name="android.intent.category.DEFAULT" />
218-->src\main\AndroidManifest.xml:48:17-76
218-->src\main\AndroidManifest.xml:48:27-73
219                <category android:name="android.intent.category.BROWSABLE" />
219-->src\main\AndroidManifest.xml:49:17-78
219-->src\main\AndroidManifest.xml:49:27-75
220
221                <data
221-->src\main\AndroidManifest.xml:50:17-71
222                    android:host="firebase.auth"
222-->src\main\AndroidManifest.xml:50:45-68
223                    android:path="/"
224                    android:scheme="genericidp" />
224-->src\main\AndroidManifest.xml:50:23-44
225            </intent-filter>
226        </activity>
227        <activity
227-->[com.google.firebase:firebase-auth:23.0.0] AndroidManifest.xml:47:9-64:20
228            android:name="com.google.firebase.auth.internal.RecaptchaActivity"
228-->[com.google.firebase:firebase-auth:23.0.0] AndroidManifest.xml:48:13-79
229            android:excludeFromRecents="true"
229-->[com.google.firebase:firebase-auth:23.0.0] AndroidManifest.xml:49:13-46
230            android:exported="true"
230-->[com.google.firebase:firebase-auth:23.0.0] AndroidManifest.xml:50:13-36
231            android:launchMode="singleTask"
231-->[com.google.firebase:firebase-auth:23.0.0] AndroidManifest.xml:51:13-44
232            android:theme="@android:style/Theme.Translucent.NoTitleBar" >
232-->[com.google.firebase:firebase-auth:23.0.0] AndroidManifest.xml:52:13-72
233            <intent-filter>
233-->[com.google.firebase:firebase-auth:23.0.0] AndroidManifest.xml:53:13-63:29
234                <action android:name="android.intent.action.VIEW" />
234-->src\main\AndroidManifest.xml:47:17-69
234-->src\main\AndroidManifest.xml:47:25-66
235
236                <category android:name="android.intent.category.DEFAULT" />
236-->src\main\AndroidManifest.xml:48:17-76
236-->src\main\AndroidManifest.xml:48:27-73
237                <category android:name="android.intent.category.BROWSABLE" />
237-->src\main\AndroidManifest.xml:49:17-78
237-->src\main\AndroidManifest.xml:49:27-75
238
239                <data
239-->src\main\AndroidManifest.xml:50:17-71
240                    android:host="firebase.auth"
240-->src\main\AndroidManifest.xml:50:45-68
241                    android:path="/"
242                    android:scheme="recaptcha" />
242-->src\main\AndroidManifest.xml:50:23-44
243            </intent-filter>
244        </activity>
245
246        <service
246-->[androidx.credentials:credentials-play-services-auth:1.2.0-rc01] AndroidManifest.xml:24:9-32:19
247            android:name="androidx.credentials.playservices.CredentialProviderMetadataHolder"
247-->[androidx.credentials:credentials-play-services-auth:1.2.0-rc01] AndroidManifest.xml:25:13-94
248            android:enabled="true"
248-->[androidx.credentials:credentials-play-services-auth:1.2.0-rc01] AndroidManifest.xml:26:13-35
249            android:exported="false" >
249-->[androidx.credentials:credentials-play-services-auth:1.2.0-rc01] AndroidManifest.xml:27:13-37
250            <meta-data
250-->[androidx.credentials:credentials-play-services-auth:1.2.0-rc01] AndroidManifest.xml:29:13-31:104
251                android:name="androidx.credentials.CREDENTIAL_PROVIDER_KEY"
251-->[androidx.credentials:credentials-play-services-auth:1.2.0-rc01] AndroidManifest.xml:30:17-76
252                android:value="androidx.credentials.playservices.CredentialProviderPlayServicesImpl" />
252-->[androidx.credentials:credentials-play-services-auth:1.2.0-rc01] AndroidManifest.xml:31:17-101
253        </service>
254
255        <activity
255-->[androidx.credentials:credentials-play-services-auth:1.2.0-rc01] AndroidManifest.xml:34:9-41:20
256            android:name="androidx.credentials.playservices.HiddenActivity"
256-->[androidx.credentials:credentials-play-services-auth:1.2.0-rc01] AndroidManifest.xml:35:13-76
257            android:configChanges="orientation|screenSize|screenLayout|keyboardHidden"
257-->[androidx.credentials:credentials-play-services-auth:1.2.0-rc01] AndroidManifest.xml:36:13-87
258            android:enabled="true"
258-->[androidx.credentials:credentials-play-services-auth:1.2.0-rc01] AndroidManifest.xml:37:13-35
259            android:exported="false"
259-->[androidx.credentials:credentials-play-services-auth:1.2.0-rc01] AndroidManifest.xml:38:13-37
260            android:fitsSystemWindows="true"
260-->[androidx.credentials:credentials-play-services-auth:1.2.0-rc01] AndroidManifest.xml:39:13-45
261            android:theme="@style/Theme.Hidden" >
261-->[androidx.credentials:credentials-play-services-auth:1.2.0-rc01] AndroidManifest.xml:40:13-48
262        </activity>
263        <activity
263-->[com.google.android.gms:play-services-auth:21.0.0] AndroidManifest.xml:23:9-27:75
264            android:name="com.google.android.gms.auth.api.signin.internal.SignInHubActivity"
264-->[com.google.android.gms:play-services-auth:21.0.0] AndroidManifest.xml:24:13-93
265            android:excludeFromRecents="true"
265-->[com.google.android.gms:play-services-auth:21.0.0] AndroidManifest.xml:25:13-46
266            android:exported="false"
266-->[com.google.android.gms:play-services-auth:21.0.0] AndroidManifest.xml:26:13-37
267            android:theme="@android:style/Theme.Translucent.NoTitleBar" />
267-->[com.google.android.gms:play-services-auth:21.0.0] AndroidManifest.xml:27:13-72
268        <!--
269            Service handling Google Sign-In user revocation. For apps that do not integrate with
270            Google Sign-In, this service will never be started.
271        -->
272        <service
272-->[com.google.android.gms:play-services-auth:21.0.0] AndroidManifest.xml:33:9-37:51
273            android:name="com.google.android.gms.auth.api.signin.RevocationBoundService"
273-->[com.google.android.gms:play-services-auth:21.0.0] AndroidManifest.xml:34:13-89
274            android:exported="true"
274-->[com.google.android.gms:play-services-auth:21.0.0] AndroidManifest.xml:35:13-36
275            android:permission="com.google.android.gms.auth.api.signin.permission.REVOCATION_NOTIFICATION"
275-->[com.google.android.gms:play-services-auth:21.0.0] AndroidManifest.xml:36:13-107
276            android:visibleToInstantApps="true" />
276-->[com.google.android.gms:play-services-auth:21.0.0] AndroidManifest.xml:37:13-48
277
278        <provider
278-->[com.google.firebase:firebase-common:21.0.0] AndroidManifest.xml:23:9-28:39
279            android:name="com.google.firebase.provider.FirebaseInitProvider"
279-->[com.google.firebase:firebase-common:21.0.0] AndroidManifest.xml:24:13-77
280            android:authorities="com.ofc.catalogodeofertamaderable.firebaseinitprovider"
280-->[com.google.firebase:firebase-common:21.0.0] AndroidManifest.xml:25:13-72
281            android:directBootAware="true"
281-->[com.google.firebase:firebase-common:21.0.0] AndroidManifest.xml:26:13-43
282            android:exported="false"